<?xml version="1.0" encoding="UTF-8"?>
<testng-results skipped="0" failed="0" ignored="0" total="1" passed="1">
  <reporter-output>
  </reporter-output>
  <suite name="Default suite" duration-ms="39922" started-at="2020-10-14T15:20:39 IST" finished-at="2020-10-14T15:21:19 IST">
    <groups>
    </groups>
    <test name="Default test" duration-ms="39922" started-at="2020-10-14T15:20:39 IST" finished-at="2020-10-14T15:21:19 IST">
      <class name="com.testCase.PetCoTest">
        <test-method status="PASS" signature="f()[pri:0, instance:com.testCase.PetCoTest@1f554b06]" name="f" duration-ms="39843" started-at="2020-10-14T15:20:39 IST" finished-at="2020-10-14T15:21:19 IST">
          <reporter-output>
          </reporter-output>
        </test-method> <!-- f -->
      </class> <!-- com.testCase.PetCoTest -->
    </test> <!-- Default test -->
  </suite> <!-- Default suite -->
</testng-results>
